# JRE version: Java(TM) SE Runtime Environment (8.0_201-b09) (build 1.8.0_201-b09)
# Java VM: Java HotSpot(TM) 64-Bit Server VM (25.201-b09 mixed mode windows-amd64 compressed oops)
Heap:
 PSYoungGen      total 133120K, used 13021K [0x00000000eab00000, 0x00000000f5b80000, 0x0000000100000000)
  eden space 129024K, 10% used [0x00000000eab00000,0x00000000eb7b7488,0x00000000f2900000)
  from space 4096K, 0% used [0x00000000f3500000,0x00000000f3500000,0x00000000f3900000)
  to   space 12288K, 0% used [0x00000000f2900000,0x00000000f2900000,0x00000000f3500000)
 ParOldGen       total 109568K, used 13760K [0x00000000c0000000, 0x00000000c6b00000, 0x00000000eab00000)
  object space 109568K, 12% used [0x00000000c0000000,0x00000000c0d701f8,0x00000000c6b00000)
 Metaspace       used 35040K, capacity 35608K, committed 35880K, reserved 1079296K
  class space    used 4908K, capacity 5116K, committed 5160K, reserved 1048576K
GC Heap History (10 events):
Event: 2.954 GC heap before
{Heap before GC invocations=6 (full 1):
 PSYoungGen      total 71680K, used 5108K [0x00000000eab00000, 0x00000000f4400000, 0x0000000100000000)
  eden space 66560K, 0% used [0x00000000eab00000,0x00000000eab00000,0x00000000eec00000)
  from space 5120K, 99% used [0x00000000eec00000,0x00000000ef0fd040,0x00000000ef100000)
  to   space 11776K, 0% used [0x00000000f3880000,0x00000000f3880000,0x00000000f4400000)
 ParOldGen       total 87552K, used 10016K [0x00000000c0000000, 0x00000000c5580000, 0x00000000eab00000)
  object space 87552K, 11% used [0x00000000c0000000,0x00000000c09c80f8,0x00000000c5580000)
 Metaspace       used 20673K, capacity 21080K, committed 21296K, reserved 1067008K
  class space    used 2995K, capacity 3158K, committed 3200K, reserved 1048576K
Event: 3.120 GC heap after
Heap after GC invocations=6 (full 1):
 PSYoungGen      total 71680K, used 0K [0x00000000eab00000, 0x00000000f4400000, 0x0000000100000000)
  eden space 66560K, 0% used [0x00000000eab00000,0x00000000eab00000,0x00000000eec00000)
  from space 5120K, 0% used [0x00000000eec00000,0x00000000eec00000,0x00000000ef100000)
  to   space 11776K, 0% used [0x00000000f3880000,0x00000000f3880000,0x00000000f4400000)
 ParOldGen       total 71680K, used 10539K [0x00000000c0000000, 0x00000000c4600000, 0x00000000eab00000)
  object space 71680K, 14% used [0x00000000c0000000,0x00000000c0a4ad48,0x00000000c4600000)
 Metaspace       used 20673K, capacity 21080K, committed 21296K, reserved 1067008K
  class space    used 2995K, capacity 3158K, committed 3200K, reserved 1048576K
}
Event: 4.246 GC heap before
{Heap before GC invocations=7 (full 1):
 PSYoungGen      total 71680K, used 66560K [0x00000000eab00000, 0x00000000f4400000, 0x0000000100000000)
  eden space 66560K, 100% used [0x00000000eab00000,0x00000000eec00000,0x00000000eec00000)
  from space 5120K, 0% used [0x00000000eec00000,0x00000000eec00000,0x00000000ef100000)
  to   space 11776K, 0% used [0x00000000f3880000,0x00000000f3880000,0x00000000f4400000)
 ParOldGen       total 71680K, used 10539K [0x00000000c0000000, 0x00000000c4600000, 0x00000000eab00000)
  object space 71680K, 14% used [0x00000000c0000000,0x00000000c0a4ad48,0x00000000c4600000)
 Metaspace       used 27556K, capacity 28002K, committed 28288K, reserved 1073152K
  class space    used 3780K, capacity 3943K, committed 3968K, reserved 1048576K
Event: 4.276 GC heap after
Heap after GC invocations=7 (full 1):
 PSYoungGen      total 97280K, used 7482K [0x00000000eab00000, 0x00000000f4000000, 0x0000000100000000)
  eden space 89600K, 0% used [0x00000000eab00000,0x00000000eab00000,0x00000000f0280000)
  from space 7680K, 97% used [0x00000000f3880000,0x00000000f3fce820,0x00000000f4000000)
  to   space 11264K, 0% used [0x00000000f2a00000,0x00000000f2a00000,0x00000000f3500000)
 ParOldGen       total 71680K, used 10547K [0x00000000c0000000, 0x00000000c4600000, 0x00000000eab00000)
  object space 71680K, 14% used [0x00000000c0000000,0x00000000c0a4cd48,0x00000000c4600000)
 Metaspace       used 27556K, capacity 28002K, committed 28288K, reserved 1073152K
  class space    used 3780K, capacity 3943K, committed 3968K, reserved 1048576K
}
Event: 5.013 GC heap before
{Heap before GC invocations=8 (full 1):
 PSYoungGen      total 97280K, used 97082K [0x00000000eab00000, 0x00000000f4000000, 0x0000000100000000)
  eden space 89600K, 100% used [0x00000000eab00000,0x00000000f0280000,0x00000000f0280000)
  from space 7680K, 97% used [0x00000000f3880000,0x00000000f3fce820,0x00000000f4000000)
  to   space 11264K, 0% used [0x00000000f2a00000,0x00000000f2a00000,0x00000000f3500000)
 ParOldGen       total 71680K, used 10547K [0x00000000c0000000, 0x00000000c4600000, 0x00000000eab00000)
  object space 71680K, 14% used [0x00000000c0000000,0x00000000c0a4cd48,0x00000000c4600000)
 Metaspace       used 32908K, capacity 33460K, committed 33792K, reserved 1079296K
  class space    used 4636K, capacity 4812K, committed 4864K, reserved 1048576K
Event: 5.024 GC heap after
Heap after GC invocations=8 (full 1):
 PSYoungGen      total 129024K, used 11241K [0x00000000eab00000, 0x00000000f3900000, 0x0000000100000000)
  eden space 117760K, 0% used [0x00000000eab00000,0x00000000eab00000,0x00000000f1e00000)
  from space 11264K, 99% used [0x00000000f2a00000,0x00000000f34fa7f8,0x00000000f3500000)
  to   space 4096K, 0% used [0x00000000f3500000,0x00000000f3500000,0x00000000f3900000)
 ParOldGen       total 71680K, used 10678K [0x00000000c0000000, 0x00000000c4600000, 0x00000000eab00000)
  object space 71680K, 14% used [0x00000000c0000000,0x00000000c0a6db50,0x00000000c4600000)
 Metaspace       used 32908K, capacity 33460K, committed 33792K, reserved 1079296K
  class space    used 4636K, capacity 4812K, committed 4864K, reserved 1048576K
}
Event: 5.265 GC heap before
{Heap before GC invocations=9 (full 1):
 PSYoungGen      total 129024K, used 24585K [0x00000000eab00000, 0x00000000f3900000, 0x0000000100000000)
  eden space 117760K, 11% used [0x00000000eab00000,0x00000000eb807fb0,0x00000000f1e00000)
  from space 11264K, 99% used [0x00000000f2a00000,0x00000000f34fa7f8,0x00000000f3500000)
  to   space 4096K, 0% used [0x00000000f3500000,0x00000000f3500000,0x00000000f3900000)
 ParOldGen       total 71680K, used 10678K [0x00000000c0000000, 0x00000000c4600000, 0x00000000eab00000)
  object space 71680K, 14% used [0x00000000c0000000,0x00000000c0a6db50,0x00000000c4600000)
 Metaspace       used 34657K, capacity 35192K, committed 35496K, reserved 1079296K
  class space    used 4835K, capacity 5020K, committed 5032K, reserved 1048576K
Event: 5.273 GC heap after
Heap after GC invocations=9 (full 1):
 PSYoungGen      total 133120K, used 4080K [0x00000000eab00000, 0x00000000f5b80000, 0x0000000100000000)
  eden space 129024K, 0% used [0x00000000eab00000,0x00000000eab00000,0x00000000f2900000)
  from space 4096K, 99% used [0x00000000f3500000,0x00000000f38fc010,0x00000000f3900000)
  to   space 12288K, 0% used [0x00000000f2900000,0x00000000f2900000,0x00000000f3500000)
 ParOldGen       total 71680K, used 13902K [0x00000000c0000000, 0x00000000c4600000, 0x00000000eab00000)
  object space 71680K, 19% used [0x00000000c0000000,0x00000000c0d939b0,0x00000000c4600000)
 Metaspace       used 34657K, capacity 35192K, committed 35496K, reserved 1079296K
  class space    used 4835K, capacity 5020K, committed 5032K, reserved 1048576K
}
Event: 5.273 GC heap before
{Heap before GC invocations=10 (full 2):
 PSYoungGen      total 133120K, used 4080K [0x00000000eab00000, 0x00000000f5b80000, 0x0000000100000000)
  eden space 129024K, 0% used [0x00000000eab00000,0x00000000eab00000,0x00000000f2900000)
  from space 4096K, 99% used [0x00000000f3500000,0x00000000f38fc010,0x00000000f3900000)
  to   space 12288K, 0% used [0x00000000f2900000,0x00000000f2900000,0x00000000f3500000)
 ParOldGen       total 71680K, used 13902K [0x00000000c0000000, 0x00000000c4600000, 0x00000000eab00000)
  object space 71680K, 19% used [0x00000000c0000000,0x00000000c0d939b0,0x00000000c4600000)
 Metaspace       used 34657K, capacity 35192K, committed 35496K, reserved 1079296K
  class space    used 4835K, capacity 5020K, committed 5032K, reserved 1048576K
Event: 5.345 GC heap after
Heap after GC invocations=10 (full 2):
 PSYoungGen      total 133120K, used 0K [0x00000000eab00000, 0x00000000f5b80000, 0x0000000100000000)
  eden space 129024K, 0% used [0x00000000eab00000,0x00000000eab00000,0x00000000f2900000)
  from space 4096K, 0% used [0x00000000f3500000,0x00000000f3500000,0x00000000f3900000)
  to   space 12288K, 0% used [0x00000000f2900000,0x00000000f2900000,0x00000000f3500000)
 ParOldGen       total 109568K, used 13760K [0x00000000c0000000, 0x00000000c6b00000, 0x00000000eab00000)
  object space 109568K, 12% used [0x00000000c0000000,0x00000000c0d701f8,0x00000000c6b00000)
 Metaspace       used 34657K, capacity 35192K, committed 35496K, reserved 1079296K
  class space    used 4835K, capacity 5020K, committed 5032K, reserved 1048576K
}

