# JRE version: Java(TM) SE Runtime Environment (8.0_201-b09) (build 1.8.0_201-b09)
# Java VM: Java HotSpot(TM) 64-Bit Server VM (25.201-b09 mixed mode windows-amd64 compressed oops)
Heap:
 PSYoungGen      total 105984K, used 50362K [0x00000000eab00000, 0x00000000f1f80000, 0x0000000100000000)
  eden space 93184K, 49% used [0x00000000eab00000,0x00000000ed7990a0,0x00000000f0600000)
  from space 12800K, 36% used [0x00000000f0600000,0x00000000f0a95b40,0x00000000f1280000)
  to   space 11776K, 0% used [0x00000000f1280000,0x00000000f1280000,0x00000000f1e00000)
 ParOldGen       total 66048K, used 28902K [0x00000000c0000000, 0x00000000c4080000, 0x00000000eab00000)
  object space 66048K, 43% used [0x00000000c0000000,0x00000000c1c39b48,0x00000000c4080000)
 Metaspace       used 48426K, capacity 49544K, committed 49792K, reserved 1091584K
  class space    used 6794K, capacity 7040K, committed 7040K, reserved 1048576K
GC Heap History (10 events):
Event: 4.260 GC heap before
{Heap before GC invocations=9 (full 1):
 PSYoungGen      total 71680K, used 68218K [0x00000000eab00000, 0x00000000f1e00000, 0x0000000100000000)
  eden space 60416K, 98% used [0x00000000eab00000,0x00000000ee4e1fe8,0x00000000ee600000)
  from space 11264K, 79% used [0x00000000ee600000,0x00000000eeebc898,0x00000000ef100000)
  to   space 11776K, 0% used [0x00000000f1280000,0x00000000f1280000,0x00000000f1e00000)
 ParOldGen       total 66048K, used 13082K [0x00000000c0000000, 0x00000000c4080000, 0x00000000eab00000)
  object space 66048K, 19% used [0x00000000c0000000,0x00000000c0cc6b40,0x00000000c4080000)
 Metaspace       used 34831K, capacity 35402K, committed 35496K, reserved 1079296K
  class space    used 4930K, capacity 5105K, committed 5120K, reserved 1048576K
Event: 4.273 GC heap after
Heap after GC invocations=9 (full 1):
 PSYoungGen      total 104960K, used 10069K [0x00000000eab00000, 0x00000000f1f80000, 0x0000000100000000)
  eden space 93184K, 0% used [0x00000000eab00000,0x00000000eab00000,0x00000000f0600000)
  from space 11776K, 85% used [0x00000000f1280000,0x00000000f1c55570,0x00000000f1e00000)
  to   space 12800K, 0% used [0x00000000f0600000,0x00000000f0600000,0x00000000f1280000)
 ParOldGen       total 66048K, used 13090K [0x00000000c0000000, 0x00000000c4080000, 0x00000000eab00000)
  object space 66048K, 19% used [0x00000000c0000000,0x00000000c0cc8b40,0x00000000c4080000)
 Metaspace       used 34831K, capacity 35402K, committed 35496K, reserved 1079296K
  class space    used 4930K, capacity 5105K, committed 5120K, reserved 1048576K
}
Event: 4.273 GC heap before
{Heap before GC invocations=10 (full 2):
 PSYoungGen      total 104960K, used 10069K [0x00000000eab00000, 0x00000000f1f80000, 0x0000000100000000)
  eden space 93184K, 0% used [0x00000000eab00000,0x00000000eab00000,0x00000000f0600000)
  from space 11776K, 85% used [0x00000000f1280000,0x00000000f1c55570,0x00000000f1e00000)
  to   space 12800K, 0% used [0x00000000f0600000,0x00000000f0600000,0x00000000f1280000)
 ParOldGen       total 66048K, used 13090K [0x00000000c0000000, 0x00000000c4080000, 0x00000000eab00000)
  object space 66048K, 19% used [0x00000000c0000000,0x00000000c0cc8b40,0x00000000c4080000)
 Metaspace       used 34831K, capacity 35402K, committed 35496K, reserved 1079296K
  class space    used 4930K, capacity 5105K, committed 5120K, reserved 1048576K
Event: 4.328 GC heap after
Heap after GC invocations=10 (full 2):
 PSYoungGen      total 104960K, used 0K [0x00000000eab00000, 0x00000000f1f80000, 0x0000000100000000)
  eden space 93184K, 0% used [0x00000000eab00000,0x00000000eab00000,0x00000000f0600000)
  from space 11776K, 0% used [0x00000000f1280000,0x00000000f1280000,0x00000000f1e00000)
  to   space 12800K, 0% used [0x00000000f0600000,0x00000000f0600000,0x00000000f1280000)
 ParOldGen       total 66048K, used 16591K [0x00000000c0000000, 0x00000000c4080000, 0x00000000eab00000)
  object space 66048K, 25% used [0x00000000c0000000,0x00000000c1033c70,0x00000000c4080000)
 Metaspace       used 34831K, capacity 35402K, committed 35496K, reserved 1079296K
  class space    used 4930K, capacity 5105K, committed 5120K, reserved 1048576K
}
Event: 5.132 GC heap before
{Heap before GC invocations=11 (full 2):
 PSYoungGen      total 104960K, used 93184K [0x00000000eab00000, 0x00000000f1f80000, 0x0000000100000000)
  eden space 93184K, 100% used [0x00000000eab00000,0x00000000f0600000,0x00000000f0600000)
  from space 11776K, 0% used [0x00000000f1280000,0x00000000f1280000,0x00000000f1e00000)
  to   space 12800K, 0% used [0x00000000f0600000,0x00000000f0600000,0x00000000f1280000)
 ParOldGen       total 66048K, used 16591K [0x00000000c0000000, 0x00000000c4080000, 0x00000000eab00000)
  object space 66048K, 25% used [0x00000000c0000000,0x00000000c1033c70,0x00000000c4080000)
 Metaspace       used 39119K, capacity 40036K, committed 40192K, reserved 1083392K
  class space    used 5646K, capacity 5882K, committed 5888K, reserved 1048576K
Event: 5.167 GC heap after
Heap after GC invocations=11 (full 2):
 PSYoungGen      total 105984K, used 7034K [0x00000000eab00000, 0x00000000f1f80000, 0x0000000100000000)
  eden space 93184K, 0% used [0x00000000eab00000,0x00000000eab00000,0x00000000f0600000)
  from space 12800K, 54% used [0x00000000f0600000,0x00000000f0cdea28,0x00000000f1280000)
  to   space 11776K, 0% used [0x00000000f1280000,0x00000000f1280000,0x00000000f1e00000)
 ParOldGen       total 66048K, used 16599K [0x00000000c0000000, 0x00000000c4080000, 0x00000000eab00000)
  object space 66048K, 25% used [0x00000000c0000000,0x00000000c1035c70,0x00000000c4080000)
 Metaspace       used 39119K, capacity 40036K, committed 40192K, reserved 1083392K
  class space    used 5646K, capacity 5882K, committed 5888K, reserved 1048576K
}
Event: 6.972 GC heap before
{Heap before GC invocations=12 (full 2):
 PSYoungGen      total 105984K, used 100218K [0x00000000eab00000, 0x00000000f1f80000, 0x0000000100000000)
  eden space 93184K, 100% used [0x00000000eab00000,0x00000000f0600000,0x00000000f0600000)
  from space 12800K, 54% used [0x00000000f0600000,0x00000000f0cdea28,0x00000000f1280000)
  to   space 11776K, 0% used [0x00000000f1280000,0x00000000f1280000,0x00000000f1e00000)
 ParOldGen       total 66048K, used 16599K [0x00000000c0000000, 0x00000000c4080000, 0x00000000eab00000)
  object space 66048K, 25% used [0x00000000c0000000,0x00000000c1035c70,0x00000000c4080000)
 Metaspace       used 45236K, capacity 46340K, committed 46592K, reserved 1089536K
  class space    used 6382K, capacity 6647K, committed 6656K, reserved 1048576K
Event: 6.986 GC heap after
Heap after GC invocations=12 (full 2):
 PSYoungGen      total 104960K, used 11767K [0x00000000eab00000, 0x00000000f1f80000, 0x0000000100000000)
  eden space 93184K, 0% used [0x00000000eab00000,0x00000000eab00000,0x00000000f0600000)
  from space 11776K, 99% used [0x00000000f1280000,0x00000000f1dfdc10,0x00000000f1e00000)
  to   space 12800K, 0% used [0x00000000f0600000,0x00000000f0600000,0x00000000f1280000)
 ParOldGen       total 66048K, used 18558K [0x00000000c0000000, 0x00000000c4080000, 0x00000000eab00000)
  object space 66048K, 28% used [0x00000000c0000000,0x00000000c121f898,0x00000000c4080000)
 Metaspace       used 45236K, capacity 46340K, committed 46592K, reserved 1089536K
  class space    used 6382K, capacity 6647K, committed 6656K, reserved 1048576K
}
Event: 8.561 GC heap before
{Heap before GC invocations=13 (full 2):
 PSYoungGen      total 104960K, used 104951K [0x00000000eab00000, 0x00000000f1f80000, 0x0000000100000000)
  eden space 93184K, 100% used [0x00000000eab00000,0x00000000f0600000,0x00000000f0600000)
  from space 11776K, 99% used [0x00000000f1280000,0x00000000f1dfdc10,0x00000000f1e00000)
  to   space 12800K, 0% used [0x00000000f0600000,0x00000000f0600000,0x00000000f1280000)
 ParOldGen       total 66048K, used 18558K [0x00000000c0000000, 0x00000000c4080000, 0x00000000eab00000)
  object space 66048K, 28% used [0x00000000c0000000,0x00000000c121f898,0x00000000c4080000)
 Metaspace       used 48414K, capacity 49544K, committed 49792K, reserved 1091584K
  class space    used 6794K, capacity 7040K, committed 7040K, reserved 1048576K
Event: 8.611 GC heap after
Heap after GC invocations=13 (full 2):
 PSYoungGen      total 105984K, used 4694K [0x00000000eab00000, 0x00000000f1f80000, 0x0000000100000000)
  eden space 93184K, 0% used [0x00000000eab00000,0x00000000eab00000,0x00000000f0600000)
  from space 12800K, 36% used [0x00000000f0600000,0x00000000f0a95b40,0x00000000f1280000)
  to   space 11776K, 0% used [0x00000000f1280000,0x00000000f1280000,0x00000000f1e00000)
 ParOldGen       total 66048K, used 28902K [0x00000000c0000000, 0x00000000c4080000, 0x00000000eab00000)
  object space 66048K, 43% used [0x00000000c0000000,0x00000000c1c39b48,0x00000000c4080000)
 Metaspace       used 48414K, capacity 49544K, committed 49792K, reserved 1091584K
  class space    used 6794K, capacity 7040K, committed 7040K, reserved 1048576K
}

