# JRE version: Java(TM) SE Runtime Environment (8.0_201-b09) (build 1.8.0_201-b09)
# Java VM: Java HotSpot(TM) 64-Bit Server VM (25.201-b09 mixed mode windows-amd64 compressed oops)
Heap:
 PSYoungGen      total 99328K, used 60000K [0x00000000eab00000, 0x00000000f1880000, 0x0000000100000000)
  eden space 86528K, 59% used [0x00000000eab00000,0x00000000edd45a38,0x00000000eff80000)
  from space 12800K, 66% used [0x00000000eff80000,0x00000000f07d26c8,0x00000000f0c00000)
  to   space 10752K, 0% used [0x00000000f0e00000,0x00000000f0e00000,0x00000000f1880000)
 ParOldGen       total 60416K, used 19776K [0x00000000c0000000, 0x00000000c3b00000, 0x00000000eab00000)
  object space 60416K, 32% used [0x00000000c0000000,0x00000000c1350300,0x00000000c3b00000)
 Metaspace       used 49892K, capacity 51098K, committed 51248K, reserved 1093632K
  class space    used 6830K, capacity 7097K, committed 7216K, reserved 1048576K
GC Heap History (10 events):
Event: 5.081 GC heap before
{Heap before GC invocations=9 (full 1):
 PSYoungGen      total 71680K, used 28732K [0x00000000eab00000, 0x00000000ef600000, 0x0000000100000000)
  eden space 66560K, 35% used [0x00000000eab00000,0x00000000ec215230,0x00000000eec00000)
  from space 5120K, 99% used [0x00000000eec00000,0x00000000ef0fa0c0,0x00000000ef100000)
  to   space 5120K, 0% used [0x00000000ef100000,0x00000000ef100000,0x00000000ef600000)
 ParOldGen       total 60416K, used 18954K [0x00000000c0000000, 0x00000000c3b00000, 0x00000000eab00000)
  object space 60416K, 31% used [0x00000000c0000000,0x00000000c1282910,0x00000000c3b00000)
 Metaspace       used 34778K, capacity 35294K, committed 35496K, reserved 1079296K
  class space    used 4707K, capacity 4872K, committed 4912K, reserved 1048576K
Event: 5.092 GC heap after
Heap after GC invocations=9 (full 1):
 PSYoungGen      total 71680K, used 5120K [0x00000000eab00000, 0x00000000ef600000, 0x0000000100000000)
  eden space 66560K, 0% used [0x00000000eab00000,0x00000000eab00000,0x00000000eec00000)
  from space 5120K, 100% used [0x00000000ef100000,0x00000000ef600000,0x00000000ef600000)
  to   space 5120K, 0% used [0x00000000eec00000,0x00000000eec00000,0x00000000ef100000)
 ParOldGen       total 60416K, used 20858K [0x00000000c0000000, 0x00000000c3b00000, 0x00000000eab00000)
  object space 60416K, 34% used [0x00000000c0000000,0x00000000c145e950,0x00000000c3b00000)
 Metaspace       used 34778K, capacity 35294K, committed 35496K, reserved 1079296K
  class space    used 4707K, capacity 4872K, committed 4912K, reserved 1048576K
}
Event: 5.092 GC heap before
{Heap before GC invocations=10 (full 2):
 PSYoungGen      total 71680K, used 5120K [0x00000000eab00000, 0x00000000ef600000, 0x0000000100000000)
  eden space 66560K, 0% used [0x00000000eab00000,0x00000000eab00000,0x00000000eec00000)
  from space 5120K, 100% used [0x00000000ef100000,0x00000000ef600000,0x00000000ef600000)
  to   space 5120K, 0% used [0x00000000eec00000,0x00000000eec00000,0x00000000ef100000)
 ParOldGen       total 60416K, used 20858K [0x00000000c0000000, 0x00000000c3b00000, 0x00000000eab00000)
  object space 60416K, 34% used [0x00000000c0000000,0x00000000c145e950,0x00000000c3b00000)
 Metaspace       used 34778K, capacity 35294K, committed 35496K, reserved 1079296K
  class space    used 4707K, capacity 4872K, committed 4912K, reserved 1048576K
Event: 5.156 GC heap after
Heap after GC invocations=10 (full 2):
 PSYoungGen      total 71680K, used 0K [0x00000000eab00000, 0x00000000ef600000, 0x0000000100000000)
  eden space 66560K, 0% used [0x00000000eab00000,0x00000000eab00000,0x00000000eec00000)
  from space 5120K, 0% used [0x00000000ef100000,0x00000000ef100000,0x00000000ef600000)
  to   space 5120K, 0% used [0x00000000eec00000,0x00000000eec00000,0x00000000ef100000)
 ParOldGen       total 60416K, used 14099K [0x00000000c0000000, 0x00000000c3b00000, 0x00000000eab00000)
  object space 60416K, 23% used [0x00000000c0000000,0x00000000c0dc4ec0,0x00000000c3b00000)
 Metaspace       used 34747K, capacity 35260K, committed 35496K, reserved 1079296K
  class space    used 4698K, capacity 4862K, committed 4912K, reserved 1048576K
}
Event: 5.991 GC heap before
{Heap before GC invocations=11 (full 2):
 PSYoungGen      total 71680K, used 66560K [0x00000000eab00000, 0x00000000ef600000, 0x0000000100000000)
  eden space 66560K, 100% used [0x00000000eab00000,0x00000000eec00000,0x00000000eec00000)
  from space 5120K, 0% used [0x00000000ef100000,0x00000000ef100000,0x00000000ef600000)
  to   space 5120K, 0% used [0x00000000eec00000,0x00000000eec00000,0x00000000ef100000)
 ParOldGen       total 60416K, used 14099K [0x00000000c0000000, 0x00000000c3b00000, 0x00000000eab00000)
  object space 60416K, 23% used [0x00000000c0000000,0x00000000c0dc4ec0,0x00000000c3b00000)
 Metaspace       used 39651K, capacity 40350K, committed 40752K, reserved 1085440K
  class space    used 5391K, capacity 5599K, committed 5680K, reserved 1048576K
Event: 5.997 GC heap after
Heap after GC invocations=11 (full 2):
 PSYoungGen      total 71680K, used 5088K [0x00000000eab00000, 0x00000000f1980000, 0x0000000100000000)
  eden space 66560K, 0% used [0x00000000eab00000,0x00000000eab00000,0x00000000eec00000)
  from space 5120K, 99% used [0x00000000eec00000,0x00000000ef0f80c0,0x00000000ef100000)
  to   space 11776K, 0% used [0x00000000f0e00000,0x00000000f0e00000,0x00000000f1980000)
 ParOldGen       total 60416K, used 16078K [0x00000000c0000000, 0x00000000c3b00000, 0x00000000eab00000)
  object space 60416K, 26% used [0x00000000c0000000,0x00000000c0fb38e0,0x00000000c3b00000)
 Metaspace       used 39651K, capacity 40350K, committed 40752K, reserved 1085440K
  class space    used 5391K, capacity 5599K, committed 5680K, reserved 1048576K
}
Event: 15.889 GC heap before
{Heap before GC invocations=12 (full 2):
 PSYoungGen      total 71680K, used 71648K [0x00000000eab00000, 0x00000000f1980000, 0x0000000100000000)
  eden space 66560K, 100% used [0x00000000eab00000,0x00000000eec00000,0x00000000eec00000)
  from space 5120K, 99% used [0x00000000eec00000,0x00000000ef0f80c0,0x00000000ef100000)
  to   space 11776K, 0% used [0x00000000f0e00000,0x00000000f0e00000,0x00000000f1980000)
 ParOldGen       total 60416K, used 16078K [0x00000000c0000000, 0x00000000c3b00000, 0x00000000eab00000)
  object space 60416K, 26% used [0x00000000c0000000,0x00000000c0fb38e0,0x00000000c3b00000)
 Metaspace       used 45478K, capacity 46340K, committed 46512K, reserved 1089536K
  class space    used 6084K, capacity 6294K, committed 6320K, reserved 1048576K
Event: 15.902 GC heap after
Heap after GC invocations=12 (full 2):
 PSYoungGen      total 97280K, used 10151K [0x00000000eab00000, 0x00000000f1880000, 0x0000000100000000)
  eden space 86528K, 0% used [0x00000000eab00000,0x00000000eab00000,0x00000000eff80000)
  from space 10752K, 94% used [0x00000000f0e00000,0x00000000f17e9eb8,0x00000000f1880000)
  to   space 12800K, 0% used [0x00000000eff80000,0x00000000eff80000,0x00000000f0c00000)
 ParOldGen       total 60416K, used 16158K [0x00000000c0000000, 0x00000000c3b00000, 0x00000000eab00000)
  object space 60416K, 26% used [0x00000000c0000000,0x00000000c0fc78f0,0x00000000c3b00000)
 Metaspace       used 45478K, capacity 46340K, committed 46512K, reserved 1089536K
  class space    used 6084K, capacity 6294K, committed 6320K, reserved 1048576K
}
Event: 16.822 GC heap before
{Heap before GC invocations=13 (full 2):
 PSYoungGen      total 97280K, used 96679K [0x00000000eab00000, 0x00000000f1880000, 0x0000000100000000)
  eden space 86528K, 100% used [0x00000000eab00000,0x00000000eff80000,0x00000000eff80000)
  from space 10752K, 94% used [0x00000000f0e00000,0x00000000f17e9eb8,0x00000000f1880000)
  to   space 12800K, 0% used [0x00000000eff80000,0x00000000eff80000,0x00000000f0c00000)
 ParOldGen       total 60416K, used 16158K [0x00000000c0000000, 0x00000000c3b00000, 0x00000000eab00000)
  object space 60416K, 26% used [0x00000000c0000000,0x00000000c0fc78f0,0x00000000c3b00000)
 Metaspace       used 49258K, capacity 50438K, committed 50608K, reserved 1093632K
  class space    used 6720K, capacity 6989K, committed 7088K, reserved 1048576K
Event: 16.859 GC heap after
Heap after GC invocations=13 (full 2):
 PSYoungGen      total 99328K, used 8521K [0x00000000eab00000, 0x00000000f1880000, 0x0000000100000000)
  eden space 86528K, 0% used [0x00000000eab00000,0x00000000eab00000,0x00000000eff80000)
  from space 12800K, 66% used [0x00000000eff80000,0x00000000f07d26c8,0x00000000f0c00000)
  to   space 10752K, 0% used [0x00000000f0e00000,0x00000000f0e00000,0x00000000f1880000)
 ParOldGen       total 60416K, used 19776K [0x00000000c0000000, 0x00000000c3b00000, 0x00000000eab00000)
  object space 60416K, 32% used [0x00000000c0000000,0x00000000c1350300,0x00000000c3b00000)
 Metaspace       used 49258K, capacity 50438K, committed 50608K, reserved 1093632K
  class space    used 6720K, capacity 6989K, committed 7088K, reserved 1048576K
}

